<?xml version="1.0" encoding="UTF-8"?>
<!-- Generated by org.testng.reporters.JUnitXMLReporter -->
<testsuite ignored="1" hostname="DESKTOP-FO7068N" failures="0" tests="6" name="Test" time="0.114" errors="0" timestamp="2024-09-26T11:49:45 IST">
  <testcase classname="Script_Demo.GroupTestCases" name="TestCase01" time="0.015"/>
  <testcase classname="Script_Demo.GroupTestCases" name="TestCase02" time="0.002"/>
  <testcase classname="Script_Demo.GroupTestCases" name="TestCase04" time="0.003"/>
  <testcase classname="Script_Demo.GroupTestCases" name="TestCase05" time="0.004"/>
  <testcase classname="Script_Demo.GroupTestCases" name="TestCase06" time="0.001"/>
  <testcase classname="Script_Demo.GroupTestCases" name="TestCase07" time="0.002"/>
  <testcase classname="Script_Demo.GroupTestCases" name="TestCase03" time="0.0">
    <ignored/>
  </testcase> <!-- TestCase03 -->
</testsuite> <!-- Test -->
